app/bin/outputs/logs/manifest-merger-debug-report.txt
-- Merging decision tree log ---
manifest
ADDED from src/main/AndroidManifest.xml:2:1-165:12
	package
		ADDED from src/main/AndroidManifest.xml:3:5-28
		INJECTED from src/main/AndroidManifest.xml
		INJECTED from src/main/AndroidManifest.xml
	android:versionName
		INJECTED from src/main/AndroidManifest.xml
		INJECTED from src/main/AndroidManifest.xml
	xmlns:android
		ADDED from src/main/AndroidManifest.xml:2:11-69
	android:versionCode
		INJECTED from src/main/AndroidManifest.xml
		INJECTED from src/main/AndroidManifest.xml
uses-permission#android.permission.INTERNET
ADDED from src/main/AndroidManifest.xml:5:5-67
MERGED from [In-depthStudy:DroidPlugin:unspecified] AndroidManifest.xml:58:5-67
	android:name
		ADDED from src/main/AndroidManifest.xml:5:22-64
uses-permission#android.permission.ACCESS_COARSE_UPDATES
ADDED from src/main/AndroidManifest.xml:6:5-79
	android:name
		ADDED from src/main/AndroidManifest.xml:6:22-77
uses-permission#android.permission.ACCESS_COARSE_LOCATION
ADDED from src/main/AndroidManifest.xml:7:5-81
MERGED from [In-depthStudy:DroidPlugin:unspecified] AndroidManifest.xml:33:5-81
	android:name
		ADDED from src/main/AndroidManifest.xml:7:22-78
uses-permission#android.permission.ACCESS_NETWORK_STATE
ADDED from src/main/AndroidManifest.xml:8:5-79
MERGED from [In-depthStudy:DroidPlugin:unspecified] AndroidManifest.xml:36:5-79
	android:name
		ADDED from src/main/AndroidManifest.xml:8:22-76
uses-permission#android.permission.ACCESS_FINE_LOCATION
ADDED from src/main/AndroidManifest.xml:9:5-79
MERGED from [In-depthStudy:DroidPlugin:unspecified] AndroidManifest.xml:34:5-79
	android:name
		ADDED from src/main/AndroidManifest.xml:9:22-76
uses-permission#android.permission.ACCESS_WIFI_STATE
ADDED from src/main/AndroidManifest.xml:10:5-76
MERGED from [In-depthStudy:DroidPlugin:unspecified] AndroidManifest.xml:37:5-76
	android:name
		ADDED from src/main/AndroidManifest.xml:10:22-73
uses-permission#android.permission.CHANGE_CONFIGURATION
ADDED from src/main/AndroidManifest.xml:11:5-79
MERGED from [In-depthStudy:DroidPlugin:unspecified] AndroidManifest.xml:165:5-79
	android:name
		ADDED from src/main/AndroidManifest.xml:11:22-76
uses-permission#android.permission.WRITE_EXTERNAL_STORAGE
ADDED from src/main/AndroidManifest.xml:12:5-81
MERGED from [In-depthStudy:DroidPlugin:unspecified] AndroidManifest.xml:100:5-81
	android:name
		ADDED from src/main/AndroidManifest.xml:12:22-78
uses-permission#android.permission.READ_EXTERNAL_STORAGE
ADDED from src/main/AndroidManifest.xml:13:5-80
MERGED from [In-depthStudy:DroidPlugin:unspecified] AndroidManifest.xml:69:5-80
	android:name
		ADDED from src/main/AndroidManifest.xml:13:22-77
uses-permission#android.permission.CALL_PHONE
ADDED from src/main/AndroidManifest.xml:14:5-69
MERGED from [In-depthStudy:DroidPlugin:unspecified] AndroidManifest.xml:44:5-69
	android:name
		ADDED from src/main/AndroidManifest.xml:14:22-66
uses-permission#android.permission.GET_TASKS
ADDED from src/main/AndroidManifest.xml:15:5-68
MERGED from [In-depthStudy:DroidPlugin:unspecified] AndroidManifest.xml:57:5-68
	android:name
		ADDED from src/main/AndroidManifest.xml:15:22-65
uses-permission#android.permission.MANAGE_ACCOUNTS
ADDED from src/main/AndroidManifest.xml:16:5-74
MERGED from [In-depthStudy:DroidPlugin:unspecified] AndroidManifest.xml:60:5-74
	android:name
		ADDED from src/main/AndroidManifest.xml:16:22-71
uses-permission#android.permission.GET_ACCOUNTS
ADDED from src/main/AndroidManifest.xml:17:5-71
MERGED from [In-depthStudy:DroidPlugin:unspecified] AndroidManifest.xml:55:5-71
	android:name
		ADDED from src/main/AndroidManifest.xml:17:22-68
uses-permission#android.permission.CHANGE_WIFI_MULTICAST_STATE
ADDED from src/main/AndroidManifest.xml:18:5-86
MERGED from [In-depthStudy:DroidPlugin:unspecified] AndroidManifest.xml:47:5-86
	android:name
		ADDED from src/main/AndroidManifest.xml:18:22-83
uses-permission#android.permission.RECEIVE_USER_PRESENT
ADDED from src/main/AndroidManifest.xml:19:5-79
	android:name
		ADDED from src/main/AndroidManifest.xml:19:22-76
uses-permission#android.permission.WAKE_LOCK
ADDED from src/main/AndroidManifest.xml:20:5-68
MERGED from [In-depthStudy:DroidPlugin:unspecified] AndroidManifest.xml:96:5-68
	android:name
		ADDED from src/main/AndroidManifest.xml:20:22-65
uses-permission#android.permission.CLEAR_APP_CACHE
ADDED from src/main/AndroidManifest.xml:21:5-74
MERGED from [In-depthStudy:DroidPlugin:unspecified] AndroidManifest.xml:50:5-74
	android:name
		ADDED from src/main/AndroidManifest.xml:21:22-71
uses-permission#android.permission.READ_PHONE_STATE
ADDED from src/main/AndroidManifest.xml:22:5-75
MERGED from [In-depthStudy:DroidPlugin:unspecified] AndroidManifest.xml:71:5-75
	android:name
		ADDED from src/main/AndroidManifest.xml:22:22-72
uses-permission#android.permission.VIBRATE
ADDED from src/main/AndroidManifest.xml:23:5-66
MERGED from [In-depthStudy:DroidPlugin:unspecified] AndroidManifest.xml:95:5-66
	android:name
		ADDED from src/main/AndroidManifest.xml:23:22-63
uses-permission#android.permission.MOUNT_UNMOUNT_FILESYSTEMS
ADDED from src/main/AndroidManifest.xml:24:5-84
MERGED from [In-depthStudy:DroidPlugin:unspecified] AndroidManifest.xml:161:5-84
	android:name
		ADDED from src/main/AndroidManifest.xml:24:22-81
uses-permission#android.permission.SYSTEM_ALERT_WINDOW
ADDED from src/main/AndroidManifest.xml:25:5-78
MERGED from [In-depthStudy:DroidPlugin:unspecified] AndroidManifest.xml:91:5-78
	android:name
		ADDED from src/main/AndroidManifest.xml:25:22-75
uses-permission#android.permission.WRITE_SETTINGS
ADDED from src/main/AndroidManifest.xml:26:5-73
MERGED from [In-depthStudy:DroidPlugin:unspecified] AndroidManifest.xml:102:5-73
	android:name
		ADDED from src/main/AndroidManifest.xml:26:22-70
uses-permission#android.permission.ACCESS_LOCATION_EXTRA_COMMANDS
ADDED from src/main/AndroidManifest.xml:27:5-89
MERGED from [In-depthStudy:DroidPlugin:unspecified] AndroidManifest.xml:35:5-89
	android:name
		ADDED from src/main/AndroidManifest.xml:27:22-86
uses-permission#android.permission.CHANGE_NETWORK_STATE
ADDED from src/main/AndroidManifest.xml:28:5-79
MERGED from [In-depthStudy:DroidPlugin:unspecified] AndroidManifest.xml:46:5-79
	android:name
		ADDED from src/main/AndroidManifest.xml:28:22-76
uses-permission#android.permission.BLUETOOTH
ADDED from src/main/AndroidManifest.xml:29:5-68
MERGED from [In-depthStudy:DroidPlugin:unspecified] AndroidManifest.xml:40:5-68
	android:name
		ADDED from src/main/AndroidManifest.xml:29:22-65
uses-permission#android.permission.BLUETOOTH_ADMIN
ADDED from src/main/AndroidManifest.xml:30:5-74
MERGED from [In-depthStudy:DroidPlugin:unspecified] AndroidManifest.xml:41:5-74
	android:name
		ADDED from src/main/AndroidManifest.xml:30:22-71
uses-permission#android.permission.BATTERY_STATS
ADDED from src/main/AndroidManifest.xml:31:5-72
MERGED from [In-depthStudy:DroidPlugin:unspecified] AndroidManifest.xml:166:5-72
	android:name
		ADDED from src/main/AndroidManifest.xml:31:22-69
uses-permission#android.permission.READ_CONTACTS
ADDED from src/main/AndroidManifest.xml:32:5-72
MERGED from [In-depthStudy:DroidPlugin:unspecified] AndroidManifest.xml:68:5-72
	android:name
		ADDED from src/main/AndroidManifest.xml:32:22-69
uses-permission#android.permission.RECEIVE_BOOT_COMPLETED
ADDED from src/main/AndroidManifest.xml:33:5-81
MERGED from [In-depthStudy:DroidPlugin:unspecified] AndroidManifest.xml:78:5-81
	android:name
		ADDED from src/main/AndroidManifest.xml:33:22-78
uses-permission#android.permission.CAMERA
ADDED from src/main/AndroidManifest.xml:34:5-64
MERGED from [In-depthStudy:DroidPlugin:unspecified] AndroidManifest.xml:45:5-65
	android:name
		ADDED from src/main/AndroidManifest.xml:34:22-62
uses-permission#android.permission.READ_LOGS
ADDED from src/main/AndroidManifest.xml:35:5-68
MERGED from [In-depthStudy:DroidPlugin:unspecified] AndroidManifest.xml:162:5-68
	android:name
		ADDED from src/main/AndroidManifest.xml:35:22-65
application
ADDED from src/main/AndroidManifest.xml:37:5-163:19
MERGED from [In-depthStudy:DroidPlugin:unspecified] AndroidManifest.xml:180:5-5045:19
MERGED from [In-depthStudy.Library:MultiTheme:unspecified] AndroidManifest.xml:9:5-13:19
MERGED from [com.orhanobut:logger:1.4] AndroidManifest.xml:11:5-47
MERGED from [com.github.afollestad.material-dialogs:core:0.8.5.7] AndroidManifest.xml:13:5-20
MERGED from [com.github.arimorty:floatingsearchview:1.1.2] AndroidManifest.xml:11:5-20
MERGED from [me.grantland:autofittextview:0.2.0] AndroidManifest.xml:11:5-47
MERGED from [com.android.support:cardview-v7:23.1.0] AndroidManifest.xml:22:5-20
MERGED from [com.android.support:design:25.3.1] AndroidManifest.xml:29:5-20
MERGED from [com.android.support:transition:25.3.1] AndroidManifest.xml:26:5-20
MERGED from [cn.pedant.sweetalert:library:1.3] AndroidManifest.xml:11:5-20
MERGED from [com.pnikosis:materialish-progress:1.0] AndroidManifest.xml:11:5-15:19
MERGED from [com.sunfusheng:marqueeview:1.1.0] AndroidManifest.xml:11:5-15:19
MERGED from [com.android.support:appcompat-v7:25.3.1] AndroidManifest.xml:29:5-20
MERGED from [com.android.support:support-v4:25.3.1] AndroidManifest.xml:29:5-20
MERGED from [com.android.support:support-fragment:25.3.1] AndroidManifest.xml:29:5-20
MERGED from [com.android.support:support-media-compat:25.3.1] AndroidManifest.xml:29:5-20
MERGED from [com.android.support:support-core-ui:25.3.1] AndroidManifest.xml:29:5-20
MERGED from [com.android.support:support-core-utils:25.3.1] AndroidManifest.xml:29:5-20
MERGED from [com.android.support:animated-vector-drawable:25.3.1] AndroidManifest.xml:26:5-20
MERGED from [com.android.support:support-vector-drawable:25.3.1] AndroidManifest.xml:26:5-20
MERGED from [com.android.support:support-compat:25.3.1] AndroidManifest.xml:29:5-20
	android:label
		ADDED from src/main/AndroidManifest.xml:41:9-41
	android:supportsRtl
		ADDED from src/main/AndroidManifest.xml:42:9-35
	android:allowBackup
		ADDED from src/main/AndroidManifest.xml:38:9-35
	android:icon
		ADDED from src/main/AndroidManifest.xml:40:9-45
	android:theme
		ADDED from src/main/AndroidManifest.xml:43:9-40
	android:name
		ADDED from src/main/AndroidManifest.xml:39:9-40
meta-data#com.amap.api.v2.apikey
ADDED from src/main/AndroidManifest.xml:45:9-47:63
	android:value
		ADDED from src/main/AndroidManifest.xml:47:13-61
	android:name
		ADDED from src/main/AndroidManifest.xml:46:13-50
activity#com.sun.study.ui.activity.SplashActivity
ADDED from src/main/AndroidManifest.xml:49:9-57:20
	android:label
		ADDED from src/main/AndroidManifest.xml:51:13-45
	android:launchMode
		ADDED from src/main/AndroidManifest.xml:52:13-48
	android:name
		ADDED from src/main/AndroidManifest.xml:50:13-55
intent-filter#android.intent.action.MAIN+android.intent.category.LAUNCHER
ADDED from src/main/AndroidManifest.xml:53:13-56:29
action#android.intent.action.MAIN
ADDED from src/main/AndroidManifest.xml:54:17-69
	android:name
		ADDED from src/main/AndroidManifest.xml:54:25-66
category#android.intent.category.LAUNCHER
ADDED from src/main/AndroidManifest.xml:55:17-77
	android:name
		ADDED from src/main/AndroidManifest.xml:55:27-74
activity#com.sun.study.ui.activity.MainActivity
ADDED from src/main/AndroidManifest.xml:60:9-61:57
	android:screenOrientation
		ADDED from src/main/AndroidManifest.xml:61:19-55
	android:name
		ADDED from src/main/AndroidManifest.xml:60:19-59
activity#com.sun.study.ui.activity.CrashActivity
ADDED from src/main/AndroidManifest.xml:64:9-65:57
	android:screenOrientation
		ADDED from src/main/AndroidManifest.xml:65:19-55
	android:name
		ADDED from src/main/AndroidManifest.xml:64:19-60
activity#com.sun.study.ui.activity.OkHttpActivity
ADDED from src/main/AndroidManifest.xml:68:9-69:57
	android:screenOrientation
		ADDED from src/main/AndroidManifest.xml:69:19-55
	android:name
		ADDED from src/main/AndroidManifest.xml:68:19-61
activity#com.sun.study.ui.activity.RetrofitActivity
ADDED from src/main/AndroidManifest.xml:72:9-73:57
	android:screenOrientation
		ADDED from src/main/AndroidManifest.xml:73:19-55
	android:name
		ADDED from src/main/AndroidManifest.xml:72:19-63
activity#com.sun.study.ui.activity.AmapActivity
ADDED from src/main/AndroidManifest.xml:76:9-77:57
	android:screenOrientation
		ADDED from src/main/AndroidManifest.xml:77:19-55
	android:name
		ADDED from src/main/AndroidManifest.xml:76:19-59
activity#com.sun.study.ui.activity.bezier.BezierActivity
ADDED from src/main/AndroidManifest.xml:80:9-81:57
	android:screenOrientation
		ADDED from src/main/AndroidManifest.xml:81:19-55
	android:name
		ADDED from src/main/AndroidManifest.xml:80:19-68
activity#com.sun.study.ui.activity.bezier.QuadraticBezierActivity
ADDED from src/main/AndroidManifest.xml:82:9-83:57
	android:screenOrientation
		ADDED from src/main/AndroidManifest.xml:83:19-55
	android:name
		ADDED from src/main/AndroidManifest.xml:82:19-77
activity#com.sun.study.ui.activity.bezier.CubicBezierActivity
ADDED from src/main/AndroidManifest.xml:84:9-85:57
	android:screenOrientation
		ADDED from src/main/AndroidManifest.xml:85:19-55
	android:name
		ADDED from src/main/AndroidManifest.xml:84:19-73
activity#com.sun.study.ui.activity.rxjava.RxJava1Activity
ADDED from src/main/AndroidManifest.xml:88:9-89:57
	android:screenOrientation
		ADDED from src/main/AndroidManifest.xml:89:19-55
	android:name
		ADDED from src/main/AndroidManifest.xml:88:19-69
activity#com.sun.study.ui.activity.rxjava.RxJava2Activity
ADDED from src/main/AndroidManifest.xml:90:9-91:57
	android:screenOrientation
		ADDED from src/main/AndroidManifest.xml:91:19-55
	android:name
		ADDED from src/main/AndroidManifest.xml:90:19-69
activity#com.sun.study.ui.activity.rxjava.RxJava3Activity
ADDED from src/main/AndroidManifest.xml:92:9-93:57
	android:screenOrientation
		ADDED from src/main/AndroidManifest.xml:93:19-55
	android:name
		ADDED from src/main/AndroidManifest.xml:92:19-69
activity#com.sun.study.ui.activity.rxjava.RxJava4Activity
ADDED from src/main/AndroidManifest.xml:94:9-95:57
	android:screenOrientation
		ADDED from src/main/AndroidManifest.xml:95:19-55
	android:name
		ADDED from src/main/AndroidManifest.xml:94:19-69
activity#com.sun.study.ui.activity.rxjava.RxJava5Activity
ADDED from src/main/AndroidManifest.xml:96:9-97:57
	android:screenOrientation
		ADDED from src/main/AndroidManifest.xml:97:19-55
	android:name
		ADDED from src/main/AndroidManifest.xml:96:19-69
activity#com.sun.study.ui.activity.rxjava.RxJava6Activity
ADDED from src/main/AndroidManifest.xml:98:9-99:57
	android:screenOrientation
		ADDED from src/main/AndroidManifest.xml:99:19-55
	android:name
		ADDED from src/main/AndroidManifest.xml:98:19-69
activity#com.sun.study.ui.activity.rxjava.RxJava7Activity
ADDED from src/main/AndroidManifest.xml:100:9-101:57
	android:screenOrientation
		ADDED from src/main/AndroidManifest.xml:101:19-55
	android:name
		ADDED from src/main/AndroidManifest.xml:100:19-69
activity#com.sun.study.ui.activity.rxjava.RxJava8Activity
ADDED from src/main/AndroidManifest.xml:102:9-103:57
	android:screenOrientation
		ADDED from src/main/AndroidManifest.xml:103:19-55
	android:name
		ADDED from src/main/AndroidManifest.xml:102:19-69
activity#com.sun.study.ui.activity.ShoppingViewActivity
ADDED from src/main/AndroidManifest.xml:106:9-107:57
	android:screenOrientation
		ADDED from src/main/AndroidManifest.xml:107:19-55
	android:name
		ADDED from src/main/AndroidManifest.xml:106:19-67
activity#com.sun.study.ui.activity.FrescoActivity
ADDED from src/main/AndroidManifest.xml:110:9-111:57
	android:screenOrientation
		ADDED from src/main/AndroidManifest.xml:111:19-55
	android:name
		ADDED from src/main/AndroidManifest.xml:110:19-61
activity#com.sun.study.ui.activity.MultiThreadActivity
ADDED from src/main/AndroidManifest.xml:114:9-115:57
	android:screenOrientation
		ADDED from src/main/AndroidManifest.xml:115:19-55
	android:name
		ADDED from src/main/AndroidManifest.xml:114:19-66
activity#com.sun.study.ui.activity.ThreadActivity
ADDED from src/main/AndroidManifest.xml:118:9-119:57
	android:screenOrientation
		ADDED from src/main/AndroidManifest.xml:119:19-55
	android:name
		ADDED from src/main/AndroidManifest.xml:118:19-61
activity#com.sun.study.ui.activity.ThreadPoolActivity
ADDED from src/main/AndroidManifest.xml:122:9-123:57
	android:screenOrientation
		ADDED from src/main/AndroidManifest.xml:123:19-55
	android:name
		ADDED from src/main/AndroidManifest.xml:122:19-65
activity#com.sun.study.ui.activity.ReflectionActivity
ADDED from src/main/AndroidManifest.xml:126:9-127:57
	android:screenOrientation
		ADDED from src/main/AndroidManifest.xml:127:19-55
	android:name
		ADDED from src/main/AndroidManifest.xml:126:19-65
activity#com.sun.study.ui.activity.AnnotationActivity
ADDED from src/main/AndroidManifest.xml:130:9-131:57
	android:screenOrientation
		ADDED from src/main/AndroidManifest.xml:131:19-55
	android:name
		ADDED from src/main/AndroidManifest.xml:130:19-65
activity#com.sun.study.ui.activity.ShapeViewActivity
ADDED from src/main/AndroidManifest.xml:134:9-135:57
	android:screenOrientation
		ADDED from src/main/AndroidManifest.xml:135:19-55
	android:name
		ADDED from src/main/AndroidManifest.xml:134:19-64
activity#com.sun.study.ui.activity.MarqueeViewActivity
ADDED from src/main/AndroidManifest.xml:138:9-139:57
	android:screenOrientation
		ADDED from src/main/AndroidManifest.xml:139:19-55
	android:name
		ADDED from src/main/AndroidManifest.xml:138:19-66
activity#com.sun.study.ui.activity.ShareViewActivity
ADDED from src/main/AndroidManifest.xml:142:9-143:57
	android:screenOrientation
		ADDED from src/main/AndroidManifest.xml:143:19-55
	android:name
		ADDED from src/main/AndroidManifest.xml:142:19-64
activity#com.sun.study.ui.activity.CircleTextViewActivity
ADDED from src/main/AndroidManifest.xml:146:9-147:57
	android:screenOrientation
		ADDED from src/main/AndroidManifest.xml:147:19-55
	android:name
		ADDED from src/main/AndroidManifest.xml:146:19-69
activity#com.sun.study.ui.activity.StatusBarActivity
ADDED from src/main/AndroidManifest.xml:150:9-151:57
	android:screenOrientation
		ADDED from src/main/AndroidManifest.xml:151:19-55
	android:name
		ADDED from src/main/AndroidManifest.xml:150:19-64
activity#com.sun.study.ui.activity.MultiThemeActivity
ADDED from src/main/AndroidManifest.xml:154:9-155:57
	android:screenOrientation
		ADDED from src/main/AndroidManifest.xml:155:19-55
	android:name
		ADDED from src/main/AndroidManifest.xml:154:19-65
service#com.sun.study.service.MyIntentService
ADDED from src/main/AndroidManifest.xml:158:9-59
	android:name
		ADDED from src/main/AndroidManifest.xml:158:18-57
service#com.amap.api.location.APSService
ADDED from src/main/AndroidManifest.xml:161:9-67
	android:name
		ADDED from src/main/AndroidManifest.xml:161:18-65
uses-sdk
INJECTED from src/main/AndroidManifest.xml reason: use-sdk injection requested
MERGED from [In-depthStudy:DroidPlugin:unspecified] AndroidManifest.xml:30:5-43
MERGED from [In-depthStudy.Library:AnimatedSvgView:unspecified] AndroidManifest.xml:6:5-8:41
MERGED from [In-depthStudy.Library:StatusBarUtil:unspecified] AndroidManifest.xml:6:5-8:41
MERGED from [In-depthStudy.Library:MultiTheme:unspecified] AndroidManifest.xml:5:5-7:41
MERGED from [com.orhanobut:logger:1.4] AndroidManifest.xml:7:5-9:41
MERGED from [com.android.support:multidex:1.0.1] AndroidManifest.xml:18:5-42
MERGED from [com.github.afollestad.material-dialogs:core:0.8.5.7] AndroidManifest.xml:8:5-11:75
MERGED from [me.zhanghai.android.materialprogressbar:library:1.1.5] AndroidManifest.xml:12:5-14:41
MERGED from [com.facebook.fresco:fresco:0.9.0] AndroidManifest.xml:5:5-7:41
MERGED from [com.facebook.fresco:drawee:0.9.0] AndroidManifest.xml:5:5-7:41
MERGED from [com.facebook.fresco:imagepipeline:0.9.0] AndroidManifest.xml:5:5-7:41
MERGED from [com.facebook.fresco:imagepipeline-base:0.9.0] AndroidManifest.xml:5:5-7:41
MERGED from [com.facebook.fresco:fbcore:0.9.0] AndroidManifest.xml:5:5-7:41
MERGED from [com.trello:rxlifecycle-components:1.0] AndroidManifest.xml:17:5-44
MERGED from [com.trello:rxlifecycle-android:1.0] AndroidManifest.xml:17:5-44
MERGED from [com.jakewharton.rxbinding:rxbinding:0.4.0] AndroidManifest.xml:6:5-44
MERGED from [io.reactivex:rxandroid:1.2.1] AndroidManifest.xml:19:5-43
MERGED from [com.github.arimorty:floatingsearchview:1.1.2] AndroidManifest.xml:7:5-9:41
MERGED from [me.grantland:autofittextview:0.2.0] AndroidManifest.xml:7:5-9:41
MERGED from [com.bartoszlipinski:viewpropertyobjectanimator:1.2.0] AndroidManifest.xml:7:5-9:41
MERGED from [com.android.support:cardview-v7:23.1.0] AndroidManifest.xml:20:5-43
MERGED from [com.android.support:design:25.3.1] AndroidManifest.xml:21:5-23:62
MERGED from [com.android.support:recyclerview-v7:25.3.1] AndroidManifest.xml:20:5-43
MERGED from [com.android.support:transition:25.3.1] AndroidManifest.xml:20:5-44
MERGED from [cn.pedant.sweetalert:library:1.3] AndroidManifest.xml:7:5-9:41
MERGED from [com.pnikosis:materialish-progress:1.0] AndroidManifest.xml:7:5-9:41
MERGED from [com.sunfusheng:marqueeview:1.1.0] AndroidManifest.xml:7:5-9:41
MERGED from [com.android.support:appcompat-v7:25.3.1] AndroidManifest.xml:21:5-23:78
MERGED from [com.android.support:support-v4:25.3.1] AndroidManifest.xml:21:5-23:54
MERGED from [com.android.support:support-fragment:25.3.1] AndroidManifest.xml:21:5-23:60
MERGED from [com.android.support:support-media-compat:25.3.1] AndroidManifest.xml:21:5-23:63
MERGED from [com.android.support:support-core-ui:25.3.1] AndroidManifest.xml:21:5-23:58
MERGED from [com.android.support:support-core-utils:25.3.1] AndroidManifest.xml:21:5-23:61
MERGED from [com.android.support:animated-vector-drawable:25.3.1] AndroidManifest.xml:20:5-44
MERGED from [com.android.support:support-vector-drawable:25.3.1] AndroidManifest.xml:20:5-43
MERGED from [com.android.support:support-compat:25.3.1] AndroidManifest.xml:21:5-23:58
MERGED from [com.larswerkman:HoloColorPicker:1.5] AndroidManifest.xml:5:5-7:41
	tools:overrideLibrary
		ADDED from [com.github.afollestad.material-dialogs:core:0.8.5.7] AndroidManifest.xml:11:9-72
	android:targetSdkVersion
		INJECTED from src/main/AndroidManifest.xml
		INJECTED from src/main/AndroidManifest.xml
	android:minSdkVersion
		INJECTED from src/main/AndroidManifest.xml
		INJECTED from src/main/AndroidManifest.xml
uses-permission#android.permission.ACCESS_WIMAX_STATE
ADDED from [In-depthStudy:DroidPlugin:unspecified] AndroidManifest.xml:38:5-77
	android:name
		ADDED from [In-depthStudy:DroidPlugin:unspecified] AndroidManifest.xml:38:22-74
uses-permission#android.permission.AUTHENTICATE_ACCOUNTS
ADDED from [In-depthStudy:DroidPlugin:unspecified] AndroidManifest.xml:39:5-80
	android:name
		ADDED from [In-depthStudy:DroidPlugin:unspecified] AndroidManifest.xml:39:22-77
uses-permission#android.permission.BODY_SENSORS
ADDED from [In-depthStudy:DroidPlugin:unspecified] AndroidManifest.xml:42:5-71
	android:name
		ADDED from [In-depthStudy:DroidPlugin:unspecified] AndroidManifest.xml:42:22-68
uses-permission#android.permission.BROADCAST_STICKY
ADDED from [In-depthStudy:DroidPlugin:unspecified] AndroidManifest.xml:43:5-75
	android:name
		ADDED from [In-depthStudy:DroidPlugin:unspecified] AndroidManifest.xml:43:22-72
uses-permission#android.permission.CHANGE_WIFI_STATE
ADDED from [In-depthStudy:DroidPlugin:unspecified] AndroidManifest.xml:48:5-76
	android:name
		ADDED from [In-depthStudy:DroidPlugin:unspecified] AndroidManifest.xml:48:22-73
uses-permission#android.permission.CHANGE_WIMAX_STATE
ADDED from [In-depthStudy:DroidPlugin:unspecified] AndroidManifest.xml:49:5-77
	android:name
		ADDED from [In-depthStudy:DroidPlugin:unspecified] AndroidManifest.xml:49:22-74
uses-permission#android.permission.DISABLE_KEYGUARD
ADDED from [In-depthStudy:DroidPlugin:unspecified] AndroidManifest.xml:51:5-75
	android:name
		ADDED from [In-depthStudy:DroidPlugin:unspecified] AndroidManifest.xml:51:22-72
uses-permission#android.permission.DOWNLOAD_WITHOUT_NOTIFICATION
ADDED from [In-depthStudy:DroidPlugin:unspecified] AndroidManifest.xml:52:5-88
	android:name
		ADDED from [In-depthStudy:DroidPlugin:unspecified] AndroidManifest.xml:52:22-85
uses-permission#android.permission.EXPAND_STATUS_BAR
ADDED from [In-depthStudy:DroidPlugin:unspecified] AndroidManifest.xml:53:5-76
	android:name
		ADDED from [In-depthStudy:DroidPlugin:unspecified] AndroidManifest.xml:53:22-73
uses-permission#android.permission.FLASHLIGHT
ADDED from [In-depthStudy:DroidPlugin:unspecified] AndroidManifest.xml:54:5-69
	android:name
		ADDED from [In-depthStudy:DroidPlugin:unspecified] AndroidManifest.xml:54:22-66
uses-permission#android.permission.GET_PACKAGE_SIZE
ADDED from [In-depthStudy:DroidPlugin:unspecified] AndroidManifest.xml:56:5-75
	android:name
		ADDED from [In-depthStudy:DroidPlugin:unspecified] AndroidManifest.xml:56:22-72
uses-permission#android.permission.KILL_BACKGROUND_PROCESSES
ADDED from [In-depthStudy:DroidPlugin:unspecified] AndroidManifest.xml:59:5-84
	android:name
		ADDED from [In-depthStudy:DroidPlugin:unspecified] AndroidManifest.xml:59:22-81
uses-permission#android.permission.MODIFY_AUDIO_SETTINGS
ADDED from [In-depthStudy:DroidPlugin:unspecified] AndroidManifest.xml:61:5-80
	android:name
		ADDED from [In-depthStudy:DroidPlugin:unspecified] AndroidManifest.xml:61:22-77
uses-permission#android.permission.NFC
ADDED from [In-depthStudy:DroidPlugin:unspecified] AndroidManifest.xml:62:5-62
	android:name
		ADDED from [In-depthStudy:DroidPlugin:unspecified] AndroidManifest.xml:62:22-59
uses-permission#android.permission.PERSISTENT_ACTIVITY
ADDED from [In-depthStudy:DroidPlugin:unspecified] AndroidManifest.xml:63:5-78
	android:name
		ADDED from [In-depthStudy:DroidPlugin:unspecified] AndroidManifest.xml:63:22-75
uses-permission#android.permission.PROCESS_OUTGOING_CALLS
ADDED from [In-depthStudy:DroidPlugin:unspecified] AndroidManifest.xml:64:5-81
	android:name
		ADDED from [In-depthStudy:DroidPlugin:unspecified] AndroidManifest.xml:64:22-78
uses-permission#android.permission.READ_CALENDAR
ADDED from [In-depthStudy:DroidPlugin:unspecified] AndroidManifest.xml:65:5-72
	android:name
		ADDED from [In-depthStudy:DroidPlugin:unspecified] AndroidManifest.xml:65:22-69
uses-permission#android.permission.READ_CALL_LOG
ADDED from [In-depthStudy:DroidPlugin:unspecified] AndroidManifest.xml:66:5-72
IMPLIED from src/main/AndroidManifest.xml:2:1-165:12 reason: com.morgoo.droidplugin has targetSdkVersion < 16 and requested READ_CONTACTS
	android:name
		ADDED from [In-depthStudy:DroidPlugin:unspecified] AndroidManifest.xml:66:22-69
uses-permission#android.permission.READ_CELL_BROADCASTS
ADDED from [In-depthStudy:DroidPlugin:unspecified] AndroidManifest.xml:67:5-79
	android:name
		ADDED from [In-depthStudy:DroidPlugin:unspecified] AndroidManifest.xml:67:22-76
uses-permission#android.permission.READ_INSTALL_SESSIONS
ADDED from [In-depthStudy:DroidPlugin:unspecified] AndroidManifest.xml:70:5-80
	android:name
		ADDED from [In-depthStudy:DroidPlugin:unspecified] AndroidManifest.xml:70:22-77
uses-permission#android.permission.READ_PROFILE
ADDED from [In-depthStudy:DroidPlugin:unspecified] AndroidManifest.xml:72:5-71
	android:name
		ADDED from [In-depthStudy:DroidPlugin:unspecified] AndroidManifest.xml:72:22-68
uses-permission#android.permission.READ_SMS
ADDED from [In-depthStudy:DroidPlugin:unspecified] AndroidManifest.xml:73:5-67
	android:name
		ADDED from [In-depthStudy:DroidPlugin:unspecified] AndroidManifest.xml:73:22-64
uses-permission#android.permission.READ_SOCIAL_STREAM
ADDED from [In-depthStudy:DroidPlugin:unspecified] AndroidManifest.xml:74:5-77
	android:name
		ADDED from [In-depthStudy:DroidPlugin:unspecified] AndroidManifest.xml:74:22-74
uses-permission#android.permission.READ_SYNC_SETTINGS
ADDED from [In-depthStudy:DroidPlugin:unspecified] AndroidManifest.xml:75:5-77
	android:name
		ADDED from [In-depthStudy:DroidPlugin:unspecified] AndroidManifest.xml:75:22-74
uses-permission#android.permission.READ_SYNC_STATS
ADDED from [In-depthStudy:DroidPlugin:unspecified] AndroidManifest.xml:76:5-74
	android:name
		ADDED from [In-depthStudy:DroidPlugin:unspecified] AndroidManifest.xml:76:22-71
uses-permission#android.permission.READ_USER_DICTIONARY
ADDED from [In-depthStudy:DroidPlugin:unspecified] AndroidManifest.xml:77:5-79
	android:name
		ADDED from [In-depthStudy:DroidPlugin:unspecified] AndroidManifest.xml:77:22-76
uses-permission#android.permission.RECEIVE_MMS
ADDED from [In-depthStudy:DroidPlugin:unspecified] AndroidManifest.xml:79:5-70
	android:name
		ADDED from [In-depthStudy:DroidPlugin:unspecified] AndroidManifest.xml:79:22-67
uses-permission#android.permission.RECEIVE_SMS
ADDED from [In-depthStudy:DroidPlugin:unspecified] AndroidManifest.xml:80:5-70
	android:name
		ADDED from [In-depthStudy:DroidPlugin:unspecified] AndroidManifest.xml:80:22-67
uses-permission#android.permission.RECEIVE_WAP_PUSH
ADDED from [In-depthStudy:DroidPlugin:unspecified] AndroidManifest.xml:81:5-75
	android:name
		ADDED from [In-depthStudy:DroidPlugin:unspecified] AndroidManifest.xml:81:22-72
uses-permission#android.permission.RECORD_AUDIO
ADDED from [In-depthStudy:DroidPlugin:unspecified] AndroidManifest.xml:82:5-71
	android:name
		ADDED from [In-depthStudy:DroidPlugin:unspecified] AndroidManifest.xml:82:22-68
uses-permission#android.permission.REORDER_TASKS
ADDED from [In-depthStudy:DroidPlugin:unspecified] AndroidManifest.xml:83:5-72
	android:name
		ADDED from [In-depthStudy:DroidPlugin:unspecified] AndroidManifest.xml:83:22-69
uses-permission#android.permission.RESTART_PACKAGES
ADDED from [In-depthStudy:DroidPlugin:unspecified] AndroidManifest.xml:84:5-75
	android:name
		ADDED from [In-depthStudy:DroidPlugin:unspecified] AndroidManifest.xml:84:22-72
uses-permission#android.permission.SEND_SMS
ADDED from [In-depthStudy:DroidPlugin:unspecified] AndroidManifest.xml:85:5-67
	android:name
		ADDED from [In-depthStudy:DroidPlugin:unspecified] AndroidManifest.xml:85:22-64
uses-permission#android.permission.SET_TIME_ZONE